<?xml version="1.0" encoding="UTF-8"?>
<testsuite xmlns:xsi="http://www.w3.org/2001/XMLSchema-instance" xsi:noNamespaceSchemaLocation="https://maven.apache.org/surefire/maven-surefire-plugin/xsd/surefire-test-report.xsd" name="tests.ArticleTests" time="15.817" tests="1" errors="1" skipped="0" failures="0">
  <properties>
[...]
</properties>
  <testcase name="test_assertElementPresent" classname="tests.ArticleTests" time="15.452">
    <error message="Expected condition failed: Can`t find and click search result with substringbject-oriented programming language&#10; (tried for 10 second(s) with 500 milliseconds interval)" type="org.openqa.selenium.TimeoutException">org.openqa.selenium.TimeoutException: 
Expected condition failed: Can`t find and click search result with substringbject-oriented programming language
 (tried for 10 second(s) with 500 milliseconds interval)
	at tests.ArticleTests.test_assertElementPresent(ArticleTests.java:20)
Caused by: org.openqa.selenium.NoSuchElementException: 
Cannot locate an element using By.xpath: div[contains(@class, 'wikipedia-description')][contains(text(),'bject-oriented programming language')]
For documentation on this error, please visit: http://seleniumhq.org/exceptions/no_such_element.html
Build info: version: '3.12.0', revision: '7c6e0b3', time: '2018-05-08T14:04:26.12Z'
System info: host: 'ihor-HP', ip: '127.0.1.1', os.name: 'Linux', os.arch: 'amd64', os.version: '5.4.0-74-generic', java.version: '1.8.0_292'
Driver info: driver.version: unknown
	at tests.ArticleTests.test_assertElementPresent(ArticleTests.java:20)
</error>
    <system-out><![CDATA[Method rotateScreenPortreit() does nothing for platformmobile_web
]]></system-out>
    <system-err><![CDATA[Starting ChromeDriver 87.0.4280.88 (89e2380a3e36c3464b5dd1302349b1382549290d-refs/branch-heads/4280@{#1761}) on port 10248
Only local connections are allowed.
Please see https://chromedriver.chromium.org/security-considerations for suggestions on keeping ChromeDriver safe.
ChromeDriver was started successfully.
июн 18, 2021 5:30:00 PM org.openqa.selenium.remote.ProtocolHandshake createSession
INFO: Detected dialect: W3C
]]></system-err>
  </testcase>
</testsuite>